{
"contracts/AucEngine.sol":{"l":{"28":9,"34":2,"36":2,"38":2,"49":2,"51":2,"55":1,"56":1,"58":1,"59":1,"60":1,"64":2,"65":2,"66":1,"67":1,"68":1,"69":1,"70":1,"74":1,"75":1,"76":1,"80":1,"84":1},"path":"/Users/mihail/MyFiles/Workspace/learn_solidity/11_practics/contracts/AucEngine.sol","s":{"1":9,"2":2,"3":2,"4":2,"5":2,"6":2,"7":1,"8":1,"9":1,"10":1,"11":1,"12":2,"13":2,"14":1,"15":1,"16":1,"17":1,"18":1,"19":1,"20":1,"21":1,"22":1,"23":1},"b":{"1":[2,0],"2":[1,0],"3":[1,1],"4":[1,0],"5":[1,0],"6":[1,0]},"f":{"1":9,"2":2,"3":1,"4":2},"fnMap":{"1":{"name":"constructor","line":27,"loc":{"start":{"line":27,"column":4},"end":{"line":29,"column":4}}},"2":{"name":"createAuction","line":33,"loc":{"start":{"line":33,"column":4},"end":{"line":52,"column":4}}},"3":{"name":"getPriceFor","line":54,"loc":{"start":{"line":54,"column":4},"end":{"line":61,"column":4}}},"4":{"name":"buy","line":63,"loc":{"start":{"line":63,"column":4},"end":{"line":85,"column":4}}}},"statementMap":{"1":{"start":{"line":28,"column":8},"end":{"line":28,"column":25}},"2":{"start":{"line":34,"column":8},"end":{"line":34,"column":61}},"3":{"start":{"line":36,"column":8},"end":{"line":36,"column":86}},"4":{"start":{"line":38,"column":8},"end":{"line":38,"column":1243}},"5":{"start":{"line":49,"column":8},"end":{"line":49,"column":32}},"6":{"start":{"line":51,"column":8},"end":{"line":51,"column":81}},"7":{"start":{"line":55,"column":8},"end":{"line":55,"column":49}},"8":{"start":{"line":56,"column":8},"end":{"line":56,"column":52}},"9":{"start":{"line":58,"column":8},"end":{"line":58,"column":57}},"10":{"start":{"line":59,"column":8},"end":{"line":59,"column":55}},"11":{"start":{"line":60,"column":8},"end":{"line":60,"column":48}},"12":{"start":{"line":64,"column":8},"end":{"line":64,"column":50}},"13":{"start":{"line":65,"column":8},"end":{"line":65,"column":52}},"14":{"start":{"line":66,"column":8},"end":{"line":66,"column":65}},"15":{"start":{"line":67,"column":8},"end":{"line":67,"column":40}},"16":{"start":{"line":68,"column":8},"end":{"line":68,"column":55}},"17":{"start":{"line":69,"column":8},"end":{"line":69,"column":30}},"18":{"start":{"line":70,"column":8},"end":{"line":70,"column":35}},"19":{"start":{"line":74,"column":8},"end":{"line":74,"column":40}},"20":{"start":{"line":75,"column":8},"end":{"line":75,"column":2720}},"21":{"start":{"line":76,"column":12},"end":{"line":76,"column":47}},"22":{"start":{"line":80,"column":8},"end":{"line":80,"column":2873}},"23":{"start":{"line":84,"column":8},"end":{"line":84,"column":52}}},"branchMap":{"1":{"line":36,"type":"if","locations":[{"start":{"line":36,"column":8},"end":{"line":36,"column":8}},{"start":{"line":36,"column":8},"end":{"line":36,"column":8}}]},"2":{"line":56,"type":"if","locations":[{"start":{"line":56,"column":8},"end":{"line":56,"column":8}},{"start":{"line":56,"column":8},"end":{"line":56,"column":8}}]},"3":{"line":65,"type":"if","locations":[{"start":{"line":65,"column":8},"end":{"line":65,"column":8}},{"start":{"line":65,"column":8},"end":{"line":65,"column":8}}]},"4":{"line":66,"type":"if","locations":[{"start":{"line":66,"column":8},"end":{"line":66,"column":8}},{"start":{"line":66,"column":8},"end":{"line":66,"column":8}}]},"5":{"line":68,"type":"if","locations":[{"start":{"line":68,"column":8},"end":{"line":68,"column":8}},{"start":{"line":68,"column":8},"end":{"line":68,"column":8}}]},"6":{"line":75,"type":"if","locations":[{"start":{"line":75,"column":8},"end":{"line":75,"column":8}},{"start":{"line":75,"column":8},"end":{"line":75,"column":8}}]}}}}
