TN:
SF:/Users/mihail/MyFiles/Workspace/learn_solidity/11_practics/contracts/AucEngine.sol
FN:27,constructor
FN:33,createAuction
FN:54,getPriceFor
FN:63,buy
FNF:4
FNH:4
FNDA:9,constructor
FNDA:2,createAuction
FNDA:1,getPriceFor
FNDA:2,buy
DA:28,9
DA:34,2
DA:36,2
DA:38,2
DA:49,2
DA:51,2
DA:55,1
DA:56,1
DA:58,1
DA:59,1
DA:60,1
DA:64,2
DA:65,2
DA:66,1
DA:67,1
DA:68,1
DA:69,1
DA:70,1
DA:74,1
DA:75,1
DA:76,1
DA:80,1
DA:84,1
LF:23
LH:23
BRDA:36,1,0,2
BRDA:36,1,1,0
BRDA:56,2,0,1
BRDA:56,2,1,0
BRDA:65,3,0,1
BRDA:65,3,1,1
BRDA:66,4,0,1
BRDA:66,4,1,0
BRDA:68,5,0,1
BRDA:68,5,1,0
BRDA:75,6,0,1
BRDA:75,6,1,0
BRF:12
BRH:7
end_of_record
